════════════════════════════════════ Conversation compacted · ctrl+o for history ════════════════════════════════════

> This session is being continued from a previous conversation that ran out of context. The conversation is 
summarized below:
Analysis:
Let me chronologically analyze this conversation:

1. **User's First Request**: "combine the messages 'Waiting for opponent...' and 'Opponent's turn' into one 
message 'Black is Thinking' followed by a fixed in place spinner icon."

2. **My Approach**: 
   - Read the chess-app.html file to understand the current message system
   - Added CSS for an animated spinner (lines 47-61)
   - Created a new function `updateMessageWithSpinner()` to display messages with the spinner
   - Modified `updateTurnMessage()` function to use "Black is Thinking" instead of "Opponent's turn..."
   - Modified the `makeMove()` function to show "Black is Thinking" instead of "Waiting for opponent..."
   - Changed `updateMessage()` from using `textContent` to `innerHTML` to support the spinner HTML

3. **Technical Details**:
   - CSS keyframe animation for rotating spinner
   - Spinner styled with green border matching app theme (#4CAF50)
   - Used `innerHTML` instead of `textContent` to insert the spinner span element
   - Spinner appears inline with the message text

4. **Files Modified**:
   - **chess-app.html**: 
     - Added spinner CSS and animation (lines 46-61)
     - Modified `updateMessage()` to use innerHTML (line 623)
     - Added `updateMessageWithSpinner()` function (lines 626-629)
     - Modified `updateTurnMessage()` to show "Black is Thinking" with spinner (line 603)
     - Modified `makeMove()` to show "Black is Thinking" with spinner after move (line 540)
     - Updated check message to show "Black is Thinking" (line 607)

5. **Errors**: None encountered in this session

6. **User Messages**:
   - "combine the messages 'Waiting for opponent...' and 'Opponent's turn' into one message 'Black is Thinking'      
followed by a fixed in place spinner icon."
   - "upload html"
   - "try 192.168.1.208"

7. **User Feedback**: User interrupted the first upload attempt and requested to use IP 192.168.1.208 instead        

8. **Upload**: Successfully uploaded chess-app.html (25176 bytes) to ESP32 at 192.168.1.208

9. **Current State**: The task is complete. The HTML has been uploaded and the "Black is Thinking" message with      
spinner is now live on the device.

Summary:
1. Primary Request and Intent:
   - Combine two separate messages ("Waiting for opponent..." and "Opponent's turn...") into a single unified        
message "Black is Thinking"
   - Add an animated spinner icon that appears inline with the "Black is Thinking" message
   - The spinner should be "fixed in place" (always in the same position relative to the message)
   - Upload the modified HTML to the ESP32 device at 192.168.1.208

2. Key Technical Concepts:
   - CSS keyframe animations for creating rotating spinner
   - HTML innerHTML vs textContent for inserting HTML elements
   - JavaScript message display functions in chess web application
   - Chunked file upload to ESP32 via Python script
   - ESP32 AsyncWebServer serving HTML from SD card
   - Game state management and turn detection in chess.js

3. Files and Code Sections:
   - **chess-app.html**
     - Why: Main UI file containing all game logic, display functions, and styling
     - Changes: Added spinner functionality to consolidate opponent waiting messages
     
     - **CSS Addition (lines 46-61)**:
       ```css
       /* Spinner for "Black is Thinking" message */
       .spinner {
           display: inline-block;
           width: 16px;
           height: 16px;
           border: 3px solid #4CAF50;
           border-top-color: transparent;
           border-radius: 50%;
           animation: spin 1s linear infinite;
           margin-left: 8px;
           vertical-align: middle;
       }

       @keyframes spin {
           to { transform: rotate(360deg); }
       }
       ```
     
     - **Modified updateMessage() function (line 622-624)**:
       ```javascript
       function updateMessage(msg) {
           document.getElementById('moveMessage').innerHTML = msg;
       }
       ```
       Changed from `textContent` to `innerHTML` to support HTML spinner element
     
     - **New updateMessageWithSpinner() function (lines 626-629)**:
       ```javascript
       function updateMessageWithSpinner(msg) {
           const messageDiv = document.getElementById('moveMessage');
           messageDiv.innerHTML = msg + ' <span class="spinner"></span>';
       }
       ```
       Creates message with inline animated spinner
     
     - **Modified updateTurnMessage() function (line 603)**:
       ```javascript
       } else {
           updateMessageWithSpinner("Black is Thinking");
       }
       ```
       Replaced "Opponent's turn..." with "Black is Thinking" with spinner
     
     - **Modified makeMove() function (line 540)**:
       ```javascript
       updateMessageWithSpinner("Black is Thinking");
       ```
       Replaced "Waiting for opponent..." with "Black is Thinking" with spinner
     
     - **Modified check message (line 607)**:
       ```javascript
       if (chess.in_check()) {
           updateMessage("CHECK! " + (playerTurn ? "Your turn" : "Black is Thinking"));
       }
       ```
       Updated to use "Black is Thinking" instead of "Opponent's turn"

   - **upload_html.py**
     - Why: Script used to upload HTML file to ESP32 via HTTP
     - No changes made, just executed with IP parameter 192.168.1.208
     - Successfully uploaded 25176 bytes in 50 chunks

4. Errors and Fixes:
   - **No errors encountered in this session**
   - User interrupted first upload attempt: User stopped the initial upload command and requested to use IP 
address 192.168.1.208 instead of default

5. Problem Solving:
   - **Solved**: Successfully combined two separate opponent waiting messages into one unified "Black is 
Thinking" message with animated spinner
   - **Solved**: Implemented CSS-based spinner animation that rotates continuously
   - **Solved**: Modified message display functions to support HTML content (spinner element)
   - **Solved**: Uploaded modified HTML to ESP32 device
   - **No ongoing issues**: All requested functionality implemented and deployed

6. All User Messages:
   - "combine the messages 'Waiting for opponent...' and 'Opponent's turn' into one message 'Black is Thinking'      
followed by a fixed in place spinner icon."
   - "upload html"
   - "try 192.168.1.208"

7. Pending Tasks:
   - None - all requested tasks completed

8. Current Work:
   Just completed uploading the modified chess-app.html file to the ESP32 at 192.168.1.208. The upload was 
successful with the final file size of 25176 bytes uploaded in 50 chunks. The changes implement a unified "Black     
is Thinking" message with an animated rotating spinner that appears whenever it's the opponent's (Black's) turn      
to move. The spinner provides visual feedback that the game is actively waiting for the AI opponent's response.      

9. Optional Next Step:
   No next step required. The user's most recent request was "upload html" followed by "try 192.168.1.208", both     
of which have been completed successfully. The HTML file has been uploaded to the ESP32 and the "Black is 
Thinking" message with spinner functionality is now live and operational.. 