/api/lichess/status?sessionId=00006c6e3c95:1  Failed to load resource: the server responded with a status of 404 (Not Found)
 Saved session expired, creating new one
 Error loading debug log: 
reloadDebugLog @ (index):965
 [5:22:26 PM.987] [SERIAL] DEBUG LOG: Serving debug log file (7208 bytes) using chunked streaming
 [5:22:27 PM.006] [SERIAL] FAST CHUNK: File opened, size: 114051 bytes
 [5:22:27 PM.042] [SERIAL] FAST CHUNK: Skipping fast chunk, will stream file directly
 [5:22:27 PM.083] [SERIAL] CHUNK 0: Read 5614 bytes (offset: 5614/114051)
 [5:22:27 PM.112] [SERIAL] CHUNK 5614: Read 4300 bytes (offset: 9914/114051)
 [5:22:27 PM.135] [SERIAL] CHUNK 9914: Read 1444 bytes (offset: 11358/114051)
 [5:22:27 PM.191] [SERIAL] CHUNK 11358: Read 4300 bytes (offset: 15658/114051)
 [5:22:27 PM.227] [SERIAL] CHUNK 15658: Read 1444 bytes (offset: 17102/114051)
 [5:22:27 PM.239] [SERIAL] CHUNK 17102: Read 4300 bytes (offset: 21402/114051)
 [5:22:27 PM.263] [SERIAL] CHUNK 21402: Read 1444 bytes (offset: 22846/114051)
 [5:22:27 PM.291] [SERIAL] CHUNK 22846: Read 4300 bytes (offset: 27146/114051)
 [5:22:27 PM.313] [SERIAL] CHUNK 27146: Read 1428 bytes (offset: 28574/114051)
 [5:22:27 PM.359] [SERIAL] CHUNK 28574: Read 4316 bytes (offset: 32890/114051)
 [5:22:27 PM.395] [SERIAL] CHUNK 32890: Read 5752 bytes (offset: 38642/114051)
 [5:22:27 PM.491] [SERIAL] CHUNK 38642: Read 2864 bytes (offset: 41506/114051)
 [5:22:27 PM.507] [SERIAL] CHUNK 41506: Read 2880 bytes (offset: 44386/114051)
 [5:22:27 PM.540] [SERIAL] CHUNK 44386: Read 2864 bytes (offset: 47250/114051)
 [5:22:27 PM.568] [SERIAL] CHUNK 47250: Read 2880 bytes (offset: 50130/114051)
 [5:22:27 PM.589] [SERIAL] CHUNK 50130: Read 2864 bytes (offset: 52994/114051)
 [5:22:27 PM.622] [SERIAL] CHUNK 52994: Read 2880 bytes (offset: 55874/114051)
 [5:22:27 PM.651] [SERIAL] CHUNK 55874: Read 2864 bytes (offset: 58738/114051)
 [5:22:27 PM.693] [SERIAL] CHUNK 58738: Read 2880 bytes (offset: 61618/114051)
 [5:22:27 PM.715] [SERIAL] CHUNK 61618: Read 1428 bytes (offset: 63046/114051)
 [5:22:27 PM.743] [SERIAL] CHUNK 63046: Read 4316 bytes (offset: 67362/114051)
 [5:22:27 PM.784] [SERIAL] CHUNK 67362: Read 2864 bytes (offset: 70226/114051)
 [5:22:27 PM.799] [SERIAL] CHUNK 70226: Read 2880 bytes (offset: 73106/114051)
 [5:22:27 PM.827] [SERIAL] CHUNK 73106: Read 1428 bytes (offset: 74534/114051)
(index):517 [5:22:27 PM.854] [SERIAL] CHUNK 74534: Read 4316 bytes (offset: 78850/114051)
(index):517 [5:22:27 PM.887] [SERIAL] CHUNK 78850: Read 2864 bytes (offset: 81714/114051)
(index):517 [5:22:27 PM.929] [SERIAL] CHUNK 81714: Read 2880 bytes (offset: 84594/114051)
(index):517 [5:22:27 PM.962] [SERIAL] CHUNK 84594: Read 1428 bytes (offset: 86022/114051)
(index):517 [5:22:27 PM.989] [SERIAL] CHUNK 86022: Read 4316 bytes (offset: 90338/114051)
(index):517 [5:22:28 PM.011] [SERIAL] CHUNK 90338: Read 2864 bytes (offset: 93202/114051)
(index):517 [5:22:28 PM.038] [SERIAL] CHUNK 93202: Read 2880 bytes (offset: 96082/114051)
(index):517 [5:22:28 PM.079] [SERIAL] CHUNK 96082: Read 2864 bytes (offset: 98946/114051)
(index):517 [5:22:28 PM.091] [SERIAL] CHUNK 98946: Read 2880 bytes (offset: 101826/114051)
(index):517 [5:22:28 PM.128] [SERIAL] CHUNK 101826: Read 1428 bytes (offset: 103254/114051)
(index):517 [5:22:28 PM.169] [SERIAL] CHUNK 103254: Read 4316 bytes (offset: 107570/114051)
(index):517 [5:22:28 PM.198] [SERIAL] CHUNK 107570: Read 2864 bytes (offset: 110434/114051)
(index):517 [5:22:28 PM.225] [SERIAL] CHUNK 110434: Read 2880 bytes (offset: 113314/114051)
(index):517 [5:22:28 PM.255] [SERIAL] CHUNK 113314: Read 737 bytes (offset: 114051/114051)
(index):517 [5:22:28 PM.278] [SERIAL] CHUNK: File not open, ending stream
(index):965 Error loading debug log: ReferenceError: escapeHTML is not defined
    at (index):989:51
    at Array.forEach (<anonymous>)
    at renderDebugLog ((index):980:29)
    at reloadDebugLog ((index):957:17)
reloadDebugLog @ (index):965
(index):517 [5:22:29 PM.441] [SERIAL] DEBUG LOG: Serving debug log file (9398 bytes) using chunked streaming
(index):517 [5:22:29 PM.476] [SERIAL] FAST CHUNK: File opened, size: 114051 bytes
(index):517 [5:22:29 PM.509] [SERIAL] FAST CHUNK: Skipping fast chunk, will stream file directly
(index):517 [5:22:29 PM.543] [SERIAL] CHUNK 0: Read 5614 bytes (offset: 5614/114051)
(index):517 [5:22:29 PM.579] [SERIAL] CHUNK 5614: Read 4300 bytes (offset: 9914/114051)
(index):517 [5:22:29 PM.598] [SERIAL] CHUNK 9914: Read 1444 bytes (offset: 11358/114051)
(index):517 [5:22:29 PM.634] [SERIAL] CHUNK 11358: Read 4300 bytes (offset: 15658/114051)
(index):517 [5:22:29 PM.668] [SERIAL] CHUNK 15658: Read 1444 bytes (offset: 17102/114051)
(index):517 [5:22:29 PM.704] [SERIAL] CHUNK 17102: Read 4300 bytes (offset: 21402/114051)
(index):517 [5:22:29 PM.723] [SERIAL] CHUNK 21402: Read 1444 bytes (offset: 22846/114051)
(index):517 [5:22:29 PM.757] [SERIAL] CHUNK 22846: Read 4300 bytes (offset: 27146/114051)
(index):517 [5:22:29 PM.778] [SERIAL] CHUNK 27146: Read 1444 bytes (offset: 28590/114051)
(index):517 [5:22:29 PM.823] [SERIAL] CHUNK 28590: Read 4300 bytes (offset: 32890/114051)
(index):517 [5:22:29 PM.841] [SERIAL] CHUNK 32890: Read 1428 bytes (offset: 34318/114051)
(index):517 [5:22:29 PM.869] [SERIAL] CHUNK 34318: Read 4316 bytes (offset: 38634/114051)
(index):517 [5:22:29 PM.958] [SERIAL] CHUNK 38634: Read 2864 bytes (offset: 41498/114051)
(index):517 [5:22:29 PM.970] [SERIAL] CHUNK 41498: Read 2880 bytes (offset: 44378/114051)
(index):517 [5:22:30 PM.003] [SERIAL] CHUNK 44378: Read 2864 bytes (offset: 47242/114051)
(index):517 [5:22:30 PM.039] [SERIAL] CHUNK 47242: Read 2864 bytes (offset: 50106/114051)
(index):517 [5:22:30 PM.053] [SERIAL] CHUNK 50106: Read 2880 bytes (offset: 52986/114051)
(index):517 [5:22:30 PM.104] [SERIAL] CHUNK 52986: Read 5736 bytes (offset: 58722/114051)
(index):517 [5:22:30 PM.134] [SERIAL] CHUNK 58722: Read 1444 bytes (offset: 60166/114051)
(index):517 [5:22:30 PM.163] [SERIAL] CHUNK 60166: Read 2864 bytes (offset: 63030/114051)
(index):517 [5:22:30 PM.193] [SERIAL] CHUNK 63030: Read 2880 bytes (offset: 65910/114051)
(index):517 [5:22:30 PM.224] [SERIAL] CHUNK 65910: Read 2864 bytes (offset: 68774/114051)
(index):517 [5:22:30 PM.251] [SERIAL] CHUNK 68774: Read 2864 bytes (offset: 71638/114051)
(index):517 [5:22:30 PM.278] [SERIAL] CHUNK 71638: Read 2880 bytes (offset: 74518/114051)
(index):517 [5:22:30 PM.311] [SERIAL] CHUNK 74518: Read 2864 bytes (offset: 77382/114051)
(index):517 [5:22:30 PM.348] [SERIAL] CHUNK 77382: Read 2864 bytes (offset: 80246/114051)
(index):517 [5:22:30 PM.361] [SERIAL] CHUNK 80246: Read 1444 bytes (offset: 81690/114051)
(index):517 [5:22:30 PM.420] [SERIAL] CHUNK 81690: Read 5752 bytes (offset: 87442/114051)
(index):517 [5:22:30 PM.459] [SERIAL] CHUNK 87442: Read 2864 bytes (offset: 90306/114051)
(index):517 [5:22:30 PM.477] [SERIAL] CHUNK 90306: Read 2880 bytes (offset: 93186/114051)
(index):517 [5:22:30 PM.510] [SERIAL] CHUNK 93186: Read 1428 bytes (offset: 94614/114051)
(index):517 [5:22:30 PM.537] [SERIAL] CHUNK 94614: Read 4316 bytes (offset: 98930/114051)
(index):517 [5:22:30 PM.565] [SERIAL] CHUNK 98930: Read 2864 bytes (offset: 101794/114051)
(index):517 [5:22:30 PM.598] [SERIAL] CHUNK 101794: Read 2864 bytes (offset: 104658/114051)
(index):517 [5:22:30 PM.614] [SERIAL] CHUNK 104658: Read 1444 bytes (offset: 106102/114051)
(index):517 [5:22:30 PM.701] [SERIAL] CHUNK 106102: Read 2864 bytes (offset: 108966/114051)
(index):517 [5:22:30 PM.728] [SERIAL] CHUNK 108966: Read 2880 bytes (offset: 111846/114051)
(index):517 [5:22:30 PM.750] [SERIAL] CHUNK 111846: Read 2205 bytes (offset: 114051/114051)
(index):517 [5:22:30 PM.788] [SERIAL] CHUNK: File not open, ending stream
(index):965 Error loading debug log: ReferenceError: escapeHTML is not defined
    at (index):989:51
    at Array.forEach (<anonymous>)
    at renderDebugLog ((index):980:29)
    at reloadDebugLog ((index):957:17)
reloadDebugLog @ (index):965
(index):517 [5:22:32 PM.242] [SERIAL] DEBUG LOG: Serving debug log file (11589 bytes) using chunked streaming
(index):517 [5:22:32 PM.261] [SERIAL] FAST CHUNK: File opened, size: 114051 bytes
(index):517 [5:22:32 PM.289] [SERIAL] FAST CHUNK: Skipping fast chunk, will stream file directly
(index):517 [5:22:32 PM.336] [SERIAL] CHUNK 0: Read 5614 bytes (offset: 5614/114051)
(index):517 [5:22:32 PM.366] [SERIAL] CHUNK 5614: Read 2864 bytes (offset: 8478/114051)
(index):517 [5:22:32 PM.386] [SERIAL] CHUNK 8478: Read 2880 bytes (offset: 11358/114051)
(index):517 [5:22:32 PM.449] [SERIAL] CHUNK 11358: Read 5736 bytes (offset: 17094/114051)
(index):517 [5:22:32 PM.469] [SERIAL] CHUNK 17094: Read 8 bytes (offset: 17102/114051)
(index):517 [5:22:32 PM.504] [SERIAL] CHUNK 17102: Read 5736 bytes (offset: 22838/114051)
(index):517 [5:22:32 PM.523] [SERIAL] CHUNK 22838: Read 1444 bytes (offset: 24282/114051)
(index):517 [5:22:32 PM.551] [SERIAL] CHUNK 24282: Read 4300 bytes (offset: 28582/114051)
(index):517 [5:22:32 PM.587] [SERIAL] CHUNK 28582: Read 1444 bytes (offset: 30026/114051)
(index):517 [5:22:32 PM.615] [SERIAL] CHUNK 30026: Read 4300 bytes (offset: 34326/114051)
(index):517 [5:22:32 PM.642] [SERIAL] CHUNK 34326: Read 1444 bytes (offset: 35770/114051)
(index):517 [5:22:32 PM.670] [SERIAL] CHUNK 35770: Read 4300 bytes (offset: 40070/114051)
(index):517 [5:22:32 PM.698] [SERIAL] CHUNK 40070: Read 1444 bytes (offset: 41514/114051)
(index):517 [5:22:32 PM.737] [SERIAL] CHUNK 41514: Read 4300 bytes (offset: 45814/114051)
(index):517 [5:22:32 PM.767] [SERIAL] CHUNK 45814: Read 1444 bytes (offset: 47258/114051)
(index):517 [5:22:32 PM.795] [SERIAL] CHUNK 47258: Read 2864 bytes (offset: 50122/114051)
(index):517 [5:22:32 PM.808] [SERIAL] CHUNK 50122: Read 2864 bytes (offset: 52986/114051)
(index):517 [5:22:32 PM.835] [SERIAL] CHUNK 52986: Read 2880 bytes (offset: 55866/114051)
(index):517 [5:22:32 PM.863] [SERIAL] CHUNK 55866: Read 2864 bytes (offset: 58730/114051)
(index):517 [5:22:32 PM.897] [SERIAL] CHUNK 58730: Read 2880 bytes (offset: 61610/114051)
(index):517 [5:22:32 PM.918] [SERIAL] CHUNK 61610: Read 2864 bytes (offset: 64474/114051)
(index):517 [5:22:32 PM.951] [SERIAL] CHUNK 64474: Read 2864 bytes (offset: 67338/114051)
(index):517 [5:22:32 PM.988] [SERIAL] CHUNK 67338: Read 2880 bytes (offset: 70218/114051)
(index):517 [5:22:33 PM.007] [SERIAL] CHUNK 70218: Read 2864 bytes (offset: 73082/114051)
(index):517 [5:22:33 PM.035] [SERIAL] CHUNK 73082: Read 2880 bytes (offset: 75962/114051)
(index):517 [5:22:33 PM.051] [SERIAL] CHUNK 75962: Read 1428 bytes (offset: 77390/114051)
(index):517 [5:22:33 PM.105] [SERIAL] CHUNK 77390: Read 4316 bytes (offset: 81706/114051)
(index):517 [5:22:33 PM.138] [SERIAL] CHUNK 81706: Read 1428 bytes (offset: 83134/114051)
(index):517 [5:22:33 PM.168] [SERIAL] CHUNK 83134: Read 4316 bytes (offset: 87450/114051)
(index):517 [5:22:33 PM.201] [SERIAL] CHUNK 87450: Read 5752 bytes (offset: 93202/114051)
(index):517 [5:22:33 PM.240] [SERIAL] CHUNK 93202: Read 2864 bytes (offset: 96066/114051)
(index):517 [5:22:33 PM.268] [SERIAL] CHUNK 96066: Read 2880 bytes (offset: 98946/114051)
(index):517 [5:22:33 PM.290] [SERIAL] CHUNK 98946: Read 1428 bytes (offset: 100374/114051)
(index):517 [5:22:33 PM.324] [SERIAL] CHUNK 100374: Read 4316 bytes (offset: 104690/114051)
(index):517 [5:22:33 PM.351] [SERIAL] CHUNK 104690: Read 2864 bytes (offset: 107554/114051)
(index):517 [5:22:33 PM.374] [SERIAL] CHUNK 107554: Read 2880 bytes (offset: 110434/114051)
(index):517 [5:22:33 PM.402] [SERIAL] CHUNK 110434: Read 2864 bytes (offset: 113298/114051)
(index):517 [5:22:33 PM.436] [SERIAL] CHUNK 113298: Read 753 bytes (offset: 114051/114051)
(index):517 [5:22:33 PM.472] [SERIAL] CHUNK: File not open, ending stream
(index):965 Error loading debug log: ReferenceError: escapeHTML is not defined
    at (index):989:51
    at Array.forEach (<anonymous>)
    at renderDebugLog ((index):980:29)
    at reloadDebugLog ((index):957:17)
reloadDebugLog @ (index):965
(index):1 The file at 'blob:http://192.168.1.208/45e4d745-ad28-4c8e-833b-defa2cd89851' was loaded over an insecure connection. This file should be served over HTTPS.
(index):517 [5:22:56 PM.708] [192.168.1.38] Resize: winH=920, btnH=146, msgH=40, settingsH=80, availH=611, availW=364, size=364
(index):517 [5:22:56 PM.808] [SERIAL] [5:22:56 PM.708] [192.168.1.38] Resize: winH=920, btnH=146, msgH=40, settingsH=80, availH=611, availW=364, size=364
